TRACE 2015/12/01 16:21:57.437781 config.go:100: .shipped directory already exists
TRACE 2015/12/01 16:21:57.438107 config.go:109: Config file .shipped/shipped.ini already exists in /Users/girangan
TRACE 2015/12/01 16:21:57.438429 config.go:139: Using config file /Users/girangan/.shipped/shipped.ini
TRACE 2015/12/01 16:21:57.438759 config.go:139: Using config file /Users/girangan/Desktop/spectre/shipped_testbed/gocl02/goclsrv02/.shipped/shipped.ini
TRACE 2015/12/01 16:21:57.439075 config.go:148: Also using project config file /Users/girangan/Desktop/spectre/shipped_testbed/gocl02/.shipped/shipped.ini
TRACE 2015/12/01 16:21:57.439124 config.go:158: Also using home config file /Users/girangan/.shipped/shipped.ini
TRACE 2015/12/01 16:21:57.442458 utils.go:98: Console width is 80; help width is 79
TRACE 2015/12/01 16:21:57.442537 main.go:123: Shipped-cli 1.0 b25 20151124 172135 starting in console mode with args {BootLogfile: ConfigFile: ConsoleMode:false Debug:false Expanded:true FastBootstrap:false Full:false Help:false Json:false Latest:false LocalDocker:false Logfile:/Users/girangan/Desktop/spectre/shipped_testbed/gocl02/goclsrv02/shipped-cli.log MockSDKClient:false OutputFields: ShippedHome: ShowVersion:false Server:http://shipped-api.shipped-cisco.com Token:prWMOcNnzLoUlOLODhyCPNgGPCFkxHVg ObjType:console Command: Arguments:[]}
TRACE 2015/12/01 16:22:01.005463 console.go:262: Exit 1
TRACE 2015/12/01 16:22:08.560629 commands.go:92: Running command(local) subcommand(commit) args([]string{"$projectId", "Message=fix for lib issue"}) help(false)
TRACE 2015/12/01 16:22:08.560657 commands.go:160: objDesc.Name = "Local"
TRACE 2015/12/01 16:22:08.560707 uuidParser.go:196: ==> Using projectId 2b26042a-9864-11e5-ad22-0242ac11055f
TRACE 2015/12/01 16:22:08.560730 uuidParser.go:196: ==> Using serviceId 3aae3c5c-9864-11e5-ad23-0242ac11055f
TRACE 2015/12/01 16:22:08.561297 projects.go:273: Directory  contains a .shipped directory
TRACE 2015/12/01 16:22:08.561391 projects.go:273: Directory /Users/girangan/Desktop/spectre/shipped_testbed/gocl02 contains a .shipped directory
TRACE 2015/12/01 16:22:08.561849 client.go:114: GET http://shipped-api.shipped-cisco.com/projects/2b26042a-9864-11e5-ad22-0242ac11055f?api_token=prWMOcNnzLoUlOLODhyCPNgGPCFkxHVg
TRACE 2015/12/01 16:22:08.562275 client.go:148: Headers: map[]
TRACE 2015/12/01 16:22:09.296188 client.go:157: Request status code 200 (200 OK)
TRACE 2015/12/01 16:22:09.296801 config.go:139: Using config file /Users/girangan/Desktop/spectre/shipped_testbed/gocl02/.shipped/shipped.ini
TRACE 2015/12/01 16:22:09.296878 config.go:158: Also using home config file /Users/girangan/.shipped/shipped.ini
TRACE 2015/12/01 16:22:09.296893 projects.go:304: Changed to project 2b26042a-9864-11e5-ad22-0242ac11055f directory /Users/girangan/Desktop/spectre/shipped_testbed/gocl02
TRACE 2015/12/01 16:22:09.296902 local.go:277: Starting LocalService.Commit()
TRACE 2015/12/01 16:22:09.296953 client.go:114: GET http://shipped-api.shipped-cisco.com/projects/2b26042a-9864-11e5-ad22-0242ac11055f/services/3aae3c5c-9864-11e5-ad23-0242ac11055f?api_token=prWMOcNnzLoUlOLODhyCPNgGPCFkxHVg
TRACE 2015/12/01 16:22:09.296975 client.go:148: Headers: map[]
TRACE 2015/12/01 16:22:09.967840 client.go:157: Request status code 200 (200 OK)
TRACE 2015/12/01 16:22:09.968447 command.go:59: Executing command: git commit --allow-empty -m fix for lib issue
TRACE 2015/12/01 16:22:10.051296 command.go:59: Executing command: git push origin master
